Wed Mar 12 11:13:45 CET 2025 - Alerta de alto uso de memoria. Iniciando remediación para contenedor: prom/node-exporter
Wed Mar 12 11:13:45 CET 2025 - Intento 1: Reiniciando contenedor prom/node-exporter...
Wed Mar 12 11:14:15 CET 2025 - Falló el reinicio del contenedor prom/node-exporter.
Thu Mar 13 10:38:59 CET 2025 - Alerta de alto uso de memoria. Iniciando remediación para contenedor: prom/node-exporter
Thu Mar 13 10:38:59 CET 2025 - Intento 1: Reiniciando contenedor prom/node-exporter...
Thu Mar 13 10:40:06 CET 2025 - Alerta de alto uso de memoria. Iniciando remediación para contenedor: prom/node-exporter
Thu Mar 13 10:40:06 CET 2025 - Intento 1: Reiniciando contenedor prom/node-exporter...
Thu Mar 13 10:40:36 CET 2025 - Falló el reinicio del contenedor prom/node-exporter.
Thu Mar 13 10:41:23 CET 2025 - Alerta de alto uso de memoria. Iniciando remediación para contenedor: prom/node-exporter
Thu Mar 13 10:41:23 CET 2025 - Intento 1: Reiniciando contenedor prom/node-exporter...
Thu Mar 13 10:41:36 CET 2025 - Intento 2: Reiniciando contenedor prom/node-exporter...
Thu Mar 13 10:41:53 CET 2025 - Falló el reinicio del contenedor prom/node-exporter.
Thu Mar 13 10:42:06 CET 2025 - Falló el reinicio del contenedor prom/node-exporter.
Thu Mar 13 10:42:53 CET 2025 - Intento 2: Reiniciando contenedor prom/node-exporter...
Thu Mar 13 10:42:53 CET 2025 - Alerta de alto uso de memoria. Iniciando remediación para contenedor: node-exporter
Thu Mar 13 10:42:53 CET 2025 - Intento 1: Reiniciando contenedor node-exporter...
Thu Mar 13 10:43:23 CET 2025 - Falló el reinicio del contenedor prom/node-exporter.
Thu Mar 13 10:43:23 CET 2025 - Falló el reinicio del contenedor node-exporter.
Thu Mar 13 10:43:31 CET 2025 - Alerta de alto uso de memoria. Iniciando remediación para contenedor: node_exporter
Thu Mar 13 10:43:31 CET 2025 - Intento 1: Reiniciando contenedor node_exporter...
Thu Mar 13 10:44:02 CET 2025 - Contenedor node_exporter reiniciado con éxito.
Thu Mar 13 10:44:23 CET 2025 - Intento 2: Reiniciando contenedor node-exporter...
Thu Mar 13 10:44:53 CET 2025 - Falló el reinicio del contenedor node-exporter.
Thu Mar 13 10:47:06 CET 2025 - Intento 3: Reiniciando contenedor prom/node-exporter...
Thu Mar 13 10:47:36 CET 2025 - Falló el reinicio del contenedor prom/node-exporter.
Thu Mar 13 10:48:23 CET 2025 - Intento 3: Reiniciando contenedor prom/node-exporter...
Thu Mar 13 10:48:53 CET 2025 - Falló el reinicio del contenedor prom/node-exporter.
Thu Mar 13 10:49:53 CET 2025 - Intento 3: Reiniciando contenedor node-exporter...
Thu Mar 13 10:50:23 CET 2025 - Falló el reinicio del contenedor node-exporter.
Thu Mar 13 10:57:36 CET 2025 - El contenedor prom/node-exporter no se pudo recuperar tras 3 intentos. Escalando alerta.
Thu Mar 13 10:58:53 CET 2025 - El contenedor prom/node-exporter no se pudo recuperar tras 3 intentos. Escalando alerta.
Thu Mar 13 11:00:23 CET 2025 - El contenedor node-exporter no se pudo recuperar tras 3 intentos. Escalando alerta.
